
*** Running vivado
    with args -log uart_led.vds -m64 -mode batch -messageDb vivado.pb -notrace -source uart_led.tcl


****** Vivado v2016.2 (64-bit)
  **** SW Build 1577090 on Thu Jun  2 16:32:40 MDT 2016
  **** IP Build 1577682 on Fri Jun  3 12:00:54 MDT 2016
    ** Copyright 1986-2016 Xilinx, Inc. All Rights Reserved.

source uart_led.tcl -notrace
Command: synth_design -top uart_led -part xc7a35tcpg236-1
Starting synth_design
Attempting to get a license for feature 'Synthesis' and/or device 'xc7a35t'
INFO: [Common 17-349] Got license for feature 'Synthesis' and/or device 'xc7a35t'
INFO: Launching helper process for spawning children vivado processes
INFO: Helper process launched with PID 4992 
---------------------------------------------------------------------------------
Starting RTL Elaboration : Time (s): cpu = 00:00:09 ; elapsed = 00:00:12 . Memory (MB): peak = 314.082 ; gain = 107.277
---------------------------------------------------------------------------------
INFO: [Synth 8-638] synthesizing module 'uart_led' [F:/smdp/xup/Day-1_fpga_flow/lab2/sources/uart_led.v:25]
	Parameter BAUD_RATE bound to: 115200 - type: integer 
	Parameter CLOCK_RATE bound to: 100000000 - type: integer 
INFO: [Synth 8-638] synthesizing module 'meta_harden' [F:/smdp/xup/Day-1_fpga_flow/lab2/sources/meta_harden.v:27]
INFO: [Synth 8-256] done synthesizing module 'meta_harden' (1#1) [F:/smdp/xup/Day-1_fpga_flow/lab2/sources/meta_harden.v:27]
INFO: [Synth 8-638] synthesizing module 'uart_rx' [F:/smdp/xup/Day-1_fpga_flow/lab2/sources/uart_rx.v:37]
	Parameter BAUD_RATE bound to: 115200 - type: integer 
	Parameter CLOCK_RATE bound to: 100000000 - type: integer 
INFO: [Synth 8-638] synthesizing module 'uart_baud_gen' [F:/smdp/xup/Day-1_fpga_flow/lab2/sources/uart_baud_gen.v:35]
	Parameter BAUD_RATE bound to: 115200 - type: integer 
	Parameter CLOCK_RATE bound to: 100000000 - type: integer 
	Parameter OVERSAMPLE_RATE bound to: 1843200 - type: integer 
	Parameter DIVIDER bound to: 54 - type: integer 
	Parameter OVERSAMPLE_VALUE bound to: 53 - type: integer 
	Parameter CNT_WID bound to: 6 - type: integer 
INFO: [Synth 8-256] done synthesizing module 'uart_baud_gen' (2#1) [F:/smdp/xup/Day-1_fpga_flow/lab2/sources/uart_baud_gen.v:35]
INFO: [Synth 8-638] synthesizing module 'uart_rx_ctl' [F:/smdp/xup/Day-1_fpga_flow/lab2/sources/uart_rx_ctl.v:52]
	Parameter IDLE bound to: 2'b00 
	Parameter START bound to: 2'b01 
	Parameter DATA bound to: 2'b10 
	Parameter STOP bound to: 2'b11 
INFO: [Synth 8-256] done synthesizing module 'uart_rx_ctl' (3#1) [F:/smdp/xup/Day-1_fpga_flow/lab2/sources/uart_rx_ctl.v:52]
INFO: [Synth 8-256] done synthesizing module 'uart_rx' (4#1) [F:/smdp/xup/Day-1_fpga_flow/lab2/sources/uart_rx.v:37]
INFO: [Synth 8-638] synthesizing module 'led_ctl' [F:/smdp/xup/Day-1_fpga_flow/lab2/sources/led_ctl.v:27]
INFO: [Synth 8-256] done synthesizing module 'led_ctl' (5#1) [F:/smdp/xup/Day-1_fpga_flow/lab2/sources/led_ctl.v:27]
INFO: [Synth 8-256] done synthesizing module 'uart_led' (6#1) [F:/smdp/xup/Day-1_fpga_flow/lab2/sources/uart_led.v:25]
---------------------------------------------------------------------------------
Finished RTL Elaboration : Time (s): cpu = 00:00:10 ; elapsed = 00:00:13 . Memory (MB): peak = 351.531 ; gain = 144.727
---------------------------------------------------------------------------------

Report Check Netlist: 
+------+------------------+-------+---------+-------+------------------+
|      |Item              |Errors |Warnings |Status |Description       |
+------+------------------+-------+---------+-------+------------------+
|1     |multi_driven_nets |      0|        0|Passed |Multi driven nets |
+------+------------------+-------+---------+-------+------------------+
---------------------------------------------------------------------------------
Finished RTL Optimization Phase 1 : Time (s): cpu = 00:00:11 ; elapsed = 00:00:13 . Memory (MB): peak = 351.531 ; gain = 144.727
---------------------------------------------------------------------------------
INFO: [Device 21-403] Loading part xc7a35tcpg236-1
INFO: [Project 1-570] Preparing netlist for logic optimization

Processing XDC Constraints
Initializing timing engine
Parsing XDC File [F:/smdp/xup/Day-1_fpga_flow/lab2/sources/uart_led_pins_basys3.xdc]
Finished Parsing XDC File [F:/smdp/xup/Day-1_fpga_flow/lab2/sources/uart_led_pins_basys3.xdc]
INFO: [Project 1-236] Implementation specific constraints were found while reading constraint file [F:/smdp/xup/Day-1_fpga_flow/lab2/sources/uart_led_pins_basys3.xdc]. These constraints will be ignored for synthesis but will be used in implementation. Impacted constraints are listed in the file [.Xil/uart_led_propImpl.xdc].
Resolution: To avoid this warning, move constraints listed in [.Xil/uart_led_propImpl.xdc] to another XDC file and exclude this new file from synthesis with the used_in_synthesis property (File Properties dialog in GUI) and re-run elaboration/synthesis.
Parsing XDC File [F:/smdp/xup/Day-1_fpga_flow/lab2/sources/uart_led_timing.xdc]
INFO: [Constraints 18-483] create_clock: no pin(s)/port(s)/net(s) specified as objects, only virtual clock 'virtual_clock' will be created. If you don't want this, please specify pin(s)/ports(s)/net(s) as objects to the command. [F:/smdp/xup/Day-1_fpga_flow/lab2/sources/uart_led_timing.xdc:6]
Finished Parsing XDC File [F:/smdp/xup/Day-1_fpga_flow/lab2/sources/uart_led_timing.xdc]
Completed Processing XDC Constraints

INFO: [Project 1-111] Unisim Transformation Summary:
No Unisim elements were transformed.

Constraint Validation Runtime : Time (s): cpu = 00:00:00 ; elapsed = 00:00:00.031 . Memory (MB): peak = 639.988 ; gain = 0.000
---------------------------------------------------------------------------------
Finished Constraint Validation : Time (s): cpu = 00:00:23 ; elapsed = 00:00:27 . Memory (MB): peak = 639.988 ; gain = 433.184
---------------------------------------------------------------------------------
---------------------------------------------------------------------------------
Start Loading Part and Timing Information
---------------------------------------------------------------------------------
Loading part: xc7a35tcpg236-1
---------------------------------------------------------------------------------
Finished Loading Part and Timing Information : Time (s): cpu = 00:00:23 ; elapsed = 00:00:27 . Memory (MB): peak = 639.988 ; gain = 433.184
---------------------------------------------------------------------------------
---------------------------------------------------------------------------------
Start Applying 'set_property' XDC Constraints
---------------------------------------------------------------------------------
---------------------------------------------------------------------------------
Finished applying 'set_property' XDC Constraints : Time (s): cpu = 00:00:23 ; elapsed = 00:00:27 . Memory (MB): peak = 639.988 ; gain = 433.184
---------------------------------------------------------------------------------
INFO: [Synth 8-5544] ROM "bit_cnt" won't be mapped to Block RAM because address size (2) smaller than threshold (5)
INFO: [Synth 8-5544] ROM "bit_cnt" won't be mapped to Block RAM because address size (2) smaller than threshold (5)
INFO: [Synth 8-5544] ROM "rx_data_rdy" won't be mapped to Block RAM because address size (2) smaller than threshold (5)
---------------------------------------------------------------------------------
Finished RTL Optimization Phase 2 : Time (s): cpu = 00:00:24 ; elapsed = 00:00:27 . Memory (MB): peak = 639.988 ; gain = 433.184
---------------------------------------------------------------------------------

Report RTL Partitions: 
+-+--------------+------------+----------+
| |RTL Partition |Replication |Instances |
+-+--------------+------------+----------+
+-+--------------+------------+----------+
---------------------------------------------------------------------------------
Start RTL Component Statistics 
---------------------------------------------------------------------------------
Detailed RTL Component Info : 
+---Adders : 
	   2 Input      6 Bit       Adders := 1     
	   2 Input      4 Bit       Adders := 1     
	   2 Input      3 Bit       Adders := 1     
+---Registers : 
	                8 Bit    Registers := 3     
	                6 Bit    Registers := 1     
	                4 Bit    Registers := 1     
	                3 Bit    Registers := 1     
	                2 Bit    Registers := 1     
	                1 Bit    Registers := 10    
+---Muxes : 
	   2 Input      8 Bit        Muxes := 3     
	   2 Input      6 Bit        Muxes := 1     
	   2 Input      4 Bit        Muxes := 3     
	   5 Input      4 Bit        Muxes := 1     
	   6 Input      2 Bit        Muxes := 1     
	   2 Input      1 Bit        Muxes := 5     
	   4 Input      1 Bit        Muxes := 1     
---------------------------------------------------------------------------------
Finished RTL Component Statistics 
---------------------------------------------------------------------------------
---------------------------------------------------------------------------------
Start RTL Hierarchical Component Statistics 
---------------------------------------------------------------------------------
Hierarchical RTL Component report 
Module meta_harden 
Detailed RTL Component Info : 
+---Registers : 
	                1 Bit    Registers := 2     
Module uart_baud_gen 
Detailed RTL Component Info : 
+---Adders : 
	   2 Input      6 Bit       Adders := 1     
+---Registers : 
	                6 Bit    Registers := 1     
	                1 Bit    Registers := 1     
+---Muxes : 
	   2 Input      6 Bit        Muxes := 1     
Module uart_rx_ctl 
Detailed RTL Component Info : 
+---Adders : 
	   2 Input      4 Bit       Adders := 1     
	   2 Input      3 Bit       Adders := 1     
+---Registers : 
	                8 Bit    Registers := 1     
	                4 Bit    Registers := 1     
	                3 Bit    Registers := 1     
	                2 Bit    Registers := 1     
	                1 Bit    Registers := 2     
+---Muxes : 
	   2 Input      8 Bit        Muxes := 2     
	   2 Input      4 Bit        Muxes := 3     
	   5 Input      4 Bit        Muxes := 1     
	   6 Input      2 Bit        Muxes := 1     
	   2 Input      1 Bit        Muxes := 5     
	   4 Input      1 Bit        Muxes := 1     
Module led_ctl 
Detailed RTL Component Info : 
+---Registers : 
	                8 Bit    Registers := 2     
	                1 Bit    Registers := 1     
+---Muxes : 
	   2 Input      8 Bit        Muxes := 1     
---------------------------------------------------------------------------------
Finished RTL Hierarchical Component Statistics
---------------------------------------------------------------------------------
---------------------------------------------------------------------------------
Start Part Resource Summary
---------------------------------------------------------------------------------
Part Resources:
DSPs: 90 (col length:60)
BRAMs: 100 (col length: RAMB18 60 RAMB36 30)
---------------------------------------------------------------------------------
Finished Part Resource Summary
---------------------------------------------------------------------------------
Start Parallel Synthesis Optimization  : Time (s): cpu = 00:00:24 ; elapsed = 00:00:28 . Memory (MB): peak = 639.988 ; gain = 433.184
---------------------------------------------------------------------------------
Start Cross Boundary Optimization
---------------------------------------------------------------------------------
---------------------------------------------------------------------------------
Finished Cross Boundary Optimization : Time (s): cpu = 00:00:24 ; elapsed = 00:00:28 . Memory (MB): peak = 639.988 ; gain = 433.184
---------------------------------------------------------------------------------
Finished Parallel Reinference  : Time (s): cpu = 00:00:24 ; elapsed = 00:00:28 . Memory (MB): peak = 639.988 ; gain = 433.184

Report RTL Partitions: 
+-+--------------+------------+----------+
| |RTL Partition |Replication |Instances |
+-+--------------+------------+----------+
+-+--------------+------------+----------+
---------------------------------------------------------------------------------
Start Area Optimization
---------------------------------------------------------------------------------
---------------------------------------------------------------------------------
Finished Area Optimization : Time (s): cpu = 00:00:24 ; elapsed = 00:00:28 . Memory (MB): peak = 639.988 ; gain = 433.184
---------------------------------------------------------------------------------
Finished Parallel Area Optimization  : Time (s): cpu = 00:00:24 ; elapsed = 00:00:28 . Memory (MB): peak = 639.988 ; gain = 433.184

Report RTL Partitions: 
+-+--------------+------------+----------+
| |RTL Partition |Replication |Instances |
+-+--------------+------------+----------+
+-+--------------+------------+----------+
---------------------------------------------------------------------------------
Start Timing Optimization
---------------------------------------------------------------------------------
---------------------------------------------------------------------------------
Start Applying XDC Timing Constraints
---------------------------------------------------------------------------------
---------------------------------------------------------------------------------
Finished Applying XDC Timing Constraints : Time (s): cpu = 00:00:39 ; elapsed = 00:00:43 . Memory (MB): peak = 639.988 ; gain = 433.184
---------------------------------------------------------------------------------
---------------------------------------------------------------------------------
Finished Timing Optimization : Time (s): cpu = 00:00:39 ; elapsed = 00:00:43 . Memory (MB): peak = 639.988 ; gain = 433.184
---------------------------------------------------------------------------------

Report RTL Partitions: 
+-+--------------+------------+----------+
| |RTL Partition |Replication |Instances |
+-+--------------+------------+----------+
+-+--------------+------------+----------+
---------------------------------------------------------------------------------
Start Technology Mapping
---------------------------------------------------------------------------------
---------------------------------------------------------------------------------
Finished Technology Mapping : Time (s): cpu = 00:00:39 ; elapsed = 00:00:44 . Memory (MB): peak = 639.988 ; gain = 433.184
---------------------------------------------------------------------------------
Finished Parallel Technology Mapping Optimization  : Time (s): cpu = 00:00:39 ; elapsed = 00:00:44 . Memory (MB): peak = 639.988 ; gain = 433.184

Report RTL Partitions: 
+-+--------------+------------+----------+
| |RTL Partition |Replication |Instances |
+-+--------------+------------+----------+
+-+--------------+------------+----------+
Finished Parallel Synthesis Optimization  : Time (s): cpu = 00:00:39 ; elapsed = 00:00:44 . Memory (MB): peak = 639.988 ; gain = 433.184
---------------------------------------------------------------------------------
Start IO Insertion
---------------------------------------------------------------------------------
---------------------------------------------------------------------------------
Start Flattening Before IO Insertion
---------------------------------------------------------------------------------
---------------------------------------------------------------------------------
Finished Flattening Before IO Insertion
---------------------------------------------------------------------------------
---------------------------------------------------------------------------------
Start Final Netlist Cleanup
---------------------------------------------------------------------------------
---------------------------------------------------------------------------------
Finished Final Netlist Cleanup
---------------------------------------------------------------------------------
---------------------------------------------------------------------------------
Finished IO Insertion : Time (s): cpu = 00:00:40 ; elapsed = 00:00:44 . Memory (MB): peak = 639.988 ; gain = 433.184
---------------------------------------------------------------------------------

Report Check Netlist: 
+------+------------------+-------+---------+-------+------------------+
|      |Item              |Errors |Warnings |Status |Description       |
+------+------------------+-------+---------+-------+------------------+
|1     |multi_driven_nets |      0|        0|Passed |Multi driven nets |
+------+------------------+-------+---------+-------+------------------+
---------------------------------------------------------------------------------
Start Renaming Generated Instances
---------------------------------------------------------------------------------
---------------------------------------------------------------------------------
Finished Renaming Generated Instances : Time (s): cpu = 00:00:40 ; elapsed = 00:00:44 . Memory (MB): peak = 639.988 ; gain = 433.184
---------------------------------------------------------------------------------

Report RTL Partitions: 
+-+--------------+------------+----------+
| |RTL Partition |Replication |Instances |
+-+--------------+------------+----------+
+-+--------------+------------+----------+
---------------------------------------------------------------------------------
Start Rebuilding User Hierarchy
---------------------------------------------------------------------------------
---------------------------------------------------------------------------------
Finished Rebuilding User Hierarchy : Time (s): cpu = 00:00:40 ; elapsed = 00:00:44 . Memory (MB): peak = 639.988 ; gain = 433.184
---------------------------------------------------------------------------------
---------------------------------------------------------------------------------
Start Renaming Generated Ports
---------------------------------------------------------------------------------
---------------------------------------------------------------------------------
Finished Renaming Generated Ports : Time (s): cpu = 00:00:40 ; elapsed = 00:00:44 . Memory (MB): peak = 639.988 ; gain = 433.184
---------------------------------------------------------------------------------
---------------------------------------------------------------------------------
Start Handling Custom Attributes
---------------------------------------------------------------------------------
---------------------------------------------------------------------------------
Finished Handling Custom Attributes : Time (s): cpu = 00:00:40 ; elapsed = 00:00:44 . Memory (MB): peak = 639.988 ; gain = 433.184
---------------------------------------------------------------------------------
---------------------------------------------------------------------------------
Start Renaming Generated Nets
---------------------------------------------------------------------------------
---------------------------------------------------------------------------------
Finished Renaming Generated Nets : Time (s): cpu = 00:00:40 ; elapsed = 00:00:44 . Memory (MB): peak = 639.988 ; gain = 433.184
---------------------------------------------------------------------------------
---------------------------------------------------------------------------------
Start Writing Synthesis Report
---------------------------------------------------------------------------------

Report BlackBoxes: 
+-+--------------+----------+
| |BlackBox name |Instances |
+-+--------------+----------+
+-+--------------+----------+

Report Cell Usage: 
+------+-----+------+
|      |Cell |Count |
+------+-----+------+
|1     |BUFG |     1|
|2     |LUT1 |     1|
|3     |LUT2 |     7|
|4     |LUT3 |    10|
|5     |LUT4 |     3|
|6     |LUT5 |     6|
|7     |LUT6 |    22|
|8     |FDRE |    44|
|9     |FDSE |     4|
|10    |IBUF |     4|
|11    |OBUF |     8|
+------+-----+------+

Report Instance Areas: 
+------+------------------------+--------------+------+
|      |Instance                |Module        |Cells |
+------+------------------------+--------------+------+
|1     |top                     |              |   110|
|2     |  led_ctl_i0            |led_ctl       |    25|
|3     |  meta_harden_btn_i0    |meta_harden   |     2|
|4     |  meta_harden_rst_i0    |meta_harden_0 |     2|
|5     |  uart_rx_i0            |uart_rx       |    68|
|6     |    meta_harden_rxd_i0  |meta_harden_1 |     2|
|7     |    uart_baud_gen_rx_i0 |uart_baud_gen |    14|
|8     |    uart_rx_ctl_i0      |uart_rx_ctl   |    52|
+------+------------------------+--------------+------+
---------------------------------------------------------------------------------
Finished Writing Synthesis Report : Time (s): cpu = 00:00:40 ; elapsed = 00:00:44 . Memory (MB): peak = 639.988 ; gain = 433.184
---------------------------------------------------------------------------------
Synthesis finished with 0 errors, 0 critical warnings and 0 warnings.
Synthesis Optimization Runtime : Time (s): cpu = 00:00:22 ; elapsed = 00:00:29 . Memory (MB): peak = 639.988 ; gain = 114.605
Synthesis Optimization Complete : Time (s): cpu = 00:00:40 ; elapsed = 00:00:45 . Memory (MB): peak = 639.988 ; gain = 433.184
INFO: [Project 1-571] Translating synthesized netlist
INFO: [Netlist 29-17] Analyzing 4 Unisim elements for replacement
INFO: [Netlist 29-28] Unisim Transformation completed in 0 CPU seconds
INFO: [Project 1-570] Preparing netlist for logic optimization
INFO: [Opt 31-138] Pushed 0 inverter(s) to 0 load pin(s).
INFO: [Project 1-111] Unisim Transformation Summary:
No Unisim elements were transformed.

INFO: [Common 17-83] Releasing license: Synthesis
28 Infos, 0 Warnings, 0 Critical Warnings and 0 Errors encountered.
synth_design completed successfully
synth_design: Time (s): cpu = 00:00:38 ; elapsed = 00:00:40 . Memory (MB): peak = 639.988 ; gain = 405.469
report_utilization: Time (s): cpu = 00:00:00 ; elapsed = 00:00:00.016 . Memory (MB): peak = 639.988 ; gain = 0.000
INFO: [Common 17-206] Exiting Vivado at Tue Nov 22 22:16:29 2016...
